<?xml version="1.0" encoding="UTF-8"?>
<!-- Generated by org.testng.reporters.JUnitReportReporter -->
<testsuite hostname="Mamatha" failures="0" tests="1" name="practicePom.ReporterPractice" time="0.027" errors="0" timestamp="2025-12-02T13:16:37 IST" skipped="0">
  <testcase classname="practicePom.ReporterPractice" name="homePage" time="0.027">
    <system-out>
      <![CDATA[homePageStarted
step-1
step-2
step-3
step-4
homePageend]]>
    </system-out>
  </testcase> <!-- homePage -->
  <system-out>
    <![CDATA[homePageStarted
step-1
step-2
step-3
step-4
homePageend]]>
  </system-out>
</testsuite> <!-- practicePom.ReporterPractice -->
