<?xml version="1.0" encoding="UTF-8"?>
<!-- Generated by org.testng.reporters.JUnitReportReporter -->
<testsuite hostname="Mamatha" failures="0" tests="1" name="organizationTest.CreateOrganizationWithPhoneNumberTest" time="31.436" errors="0" timestamp="2025-11-22T12:19:28 IST" skipped="0">
  <testcase classname="organizationTest.CreateOrganizationWithPhoneNumberTest" name="createOrganizationWithIndustryTest" time="31.436"/>
</testsuite> <!-- organizationTest.CreateOrganizationWithPhoneNumberTest -->
